[2025-08-17 22:37:08] === CLEAN CHANNEL (No Eve) ===
[2025-08-17 22:41:34] === CLEAN CHANNEL (No Eve) ===
[2025-08-17 22:43:15] === CLEAN CHANNEL (No Eve) ===
[2025-08-17 22:43:15] Sifted length: 53
[2025-08-17 22:43:15] Key saved: keys/clean_key_20250817_224315.txt
[2025-08-17 22:43:15] 
=== WITH EVE (Intercept-Resend) ===
[2025-08-17 22:43:15] Sifted length: 48
[2025-08-17 22:43:15] QBER: 0.250
[2025-08-17 22:43:15] Eavesdropping Detected? YES
[2025-08-17 22:43:15] Key saved: keys/eve_key_20250817_224315.txt
[2025-08-17 22:45:53] === CLEAN CHANNEL (No Eve) ===
[2025-08-17 22:45:53] Sifted length: 50
[2025-08-17 22:45:53] Key saved: keys/clean_key_20250817_224553.txt
[2025-08-17 22:45:53] 
=== WITH EVE (Intercept-Resend) ===
[2025-08-17 22:45:53] Sifted length: 44
[2025-08-17 22:45:53] QBER: 0.295
[2025-08-17 22:45:53] Eavesdropping Detected? YES
[2025-08-17 22:45:53] Key saved: keys/eve_key_20250817_224553.txt
[2025-08-17 22:46:29] === CLEAN CHANNEL (No Eve) ===
[2025-08-17 22:46:29] Sifted length: 45
[2025-08-17 22:46:29] Key saved: keys/clean_key_20250817_224629.txt
[2025-08-17 22:46:30] 
=== WITH EVE (Intercept-Resend) ===
[2025-08-17 22:46:30] Sifted length: 53
[2025-08-17 22:46:30] QBER: 0.283
[2025-08-17 22:46:30] Eavesdropping Detected? YES
[2025-08-17 22:46:30] Key saved: keys/eve_key_20250817_224630.txt
[2025-08-17 22:50:31] === CLEAN CHANNEL (No Eve) ===
[2025-08-17 22:50:31] Sifted length: 54
[2025-08-17 22:50:31] Key saved: keys/clean_key_20250817_225031.txt
[2025-08-17 22:50:31] 
=== WITH EVE (Intercept-Resend) ===
[2025-08-17 22:50:31] Sifted length: 51
[2025-08-17 22:50:31] QBER: 0.176
[2025-08-17 22:50:31] Eavesdropping Detected? YES
[2025-08-17 22:50:31] Key saved: keys/eve_key_20250817_225031.txt
[2025-08-17 22:52:13] === CLEAN CHANNEL (No Eve) ===
[2025-08-17 22:52:13] Sifted length: 49
[2025-08-17 22:52:13] Key saved: keys/clean_key_20250817_225213.txt
[2025-08-17 22:52:13] 
=== WITH EVE (Intercept-Resend) ===
[2025-08-17 22:52:13] Sifted length: 62
[2025-08-17 22:52:13] QBER: 0.290
[2025-08-17 22:52:13] Eavesdropping Detected? YES
[2025-08-17 22:52:13] Key saved: keys/eve_key_20250817_225213.txt
[2025-08-17 22:53:34] === CLEAN CHANNEL (No Eve) ===
[2025-08-17 22:53:34] Sifted length: 50
[2025-08-17 22:53:34] Key saved: keys/clean_key_20250817_225334.txt
[2025-08-17 22:53:34] 
=== WITH EVE (Intercept-Resend) ===
[2025-08-17 22:53:34] Sifted length: 53
[2025-08-17 22:53:34] QBER: 0.377
[2025-08-17 22:53:34] Eavesdropping Detected? YES
[2025-08-17 22:53:34] Key saved: keys/eve_key_20250817_225334.txt
[2025-08-17 22:55:05] === CLEAN CHANNEL (No Eve) ===
[2025-08-17 22:55:05] Sifted length: 47
[2025-08-17 22:55:05] Key saved: keys/clean_key_20250817_225505.txt
[2025-08-17 22:55:05] 
=== WITH EVE (Intercept-Resend) ===
[2025-08-17 22:55:05] Sifted length: 51
[2025-08-17 22:55:05] QBER: 0.216
[2025-08-17 22:55:05] Eavesdropping Detected? YES
[2025-08-17 22:55:05] Key saved: keys/eve_key_20250817_225505.txt
[2025-08-17 22:57:35] === CLEAN CHANNEL (No Eve) ===
[2025-08-17 22:57:36] Sifted length: 49
[2025-08-17 22:57:36] Key saved: keys/clean_key_20250817_225736.txt
[2025-08-17 22:57:36] 
=== WITH EVE (Intercept-Resend) ===
[2025-08-17 22:57:36] Sifted length: 49
[2025-08-17 22:57:36] QBER: 0.245
[2025-08-17 22:57:36] Eavesdropping Detected? YES
[2025-08-17 22:57:36] Key saved: keys/eve_key_20250817_225736.txt
[2025-08-17 23:07:20] === CLEAN CHANNEL (No Eve) ===
[2025-08-17 23:07:20] Sifted length: 45
[2025-08-17 23:07:20] Key saved: keys/clean_key_20250817_230720.txt
[2025-08-17 23:07:20] 
=== WITH EVE (Intercept-Resend) ===
[2025-08-17 23:07:20] Sifted length: 53
[2025-08-17 23:07:20] QBER: 0.302
[2025-08-17 23:07:20] Eavesdropping Detected? YES
[2025-08-17 23:07:20] Key saved: keys/eve_key_20250817_230720.txt
[2025-08-17 23:11:28] === CLEAN CHANNEL (No Eve) ===
[2025-08-17 23:11:29] Sifted length: 52
[2025-08-17 23:11:29] Key saved: keys/clean_key_20250817_231129.txt
[2025-08-17 23:11:29] 
=== WITH EVE (Intercept-Resend) ===
[2025-08-17 23:11:29] Sifted length: 55
[2025-08-17 23:11:29] QBER: 0.164
[2025-08-17 23:11:29] Eavesdropping Detected? YES
[2025-08-17 23:11:29] Key saved: keys/eve_key_20250817_231129.txt
[2025-08-17 23:12:24] === CLEAN CHANNEL (No Eve) ===
[2025-08-17 23:12:24] Sifted length: 48
[2025-08-17 23:12:24] Key saved: keys/clean_key_20250817_231224.txt
[2025-08-17 23:12:24] 
=== WITH EVE (Intercept-Resend) ===
[2025-08-17 23:12:24] Sifted length: 50
[2025-08-17 23:12:24] QBER: 0.260
[2025-08-17 23:12:24] Eavesdropping Detected? YES
[2025-08-17 23:12:24] Key saved: keys/eve_key_20250817_231224.txt
[2025-08-17 23:13:46] === CLEAN CHANNEL (No Eve) ===
[2025-08-17 23:13:46] Sifted length: 54
[2025-08-17 23:13:46] Key saved: keys/clean_key_20250817_231346.txt
[2025-08-17 23:13:46] 
=== WITH EVE (Intercept-Resend) ===
[2025-08-17 23:13:46] Sifted length: 59
[2025-08-17 23:13:46] QBER: 0.220
[2025-08-17 23:13:46] Eavesdropping Detected? YES
[2025-08-17 23:13:46] Key saved: keys/eve_key_20250817_231346.txt
[2025-08-17 23:16:40] === CLEAN CHANNEL (No Eve) ===
[2025-08-17 23:16:40] Sifted length: 0
[2025-08-17 23:22:24] === CLEAN CHANNEL (No Eve) ===
[2025-08-17 23:22:24] Sifted length: 0
